<?xml version="1.0" encoding="UTF-8"?>
<!-- Generated by org.testng.reporters.JUnitXMLReporter -->
<testsuite ignored="1" hostname="Balaji" failures="0" tests="1" name="SanityTest" time="23.474" errors="0" timestamp="2020-08-08T17:51:09 IST">
  <testcase classname="testcases.SearchItemTest" name="searchItem" time="4.497"/>
  <testcase classname="testcases.CreateAccountTest" name="createNewAccount" time="0.0">
    <ignored/>
  </testcase> <!-- createNewAccount -->
</testsuite> <!-- SanityTest -->
